
2023-09-21 16:40:18  MAJ DES INSTANCES SUNUPAC DEPLOYES 
2023-09-21 16:40:18  SUNUPAC BENIN : 
2023-09-21 16:40:32   ADDONS : A JOUR 
2023-09-21 16:46:57   BD : BACKUP RESTAURE
2023-09-21 16:46:57  SUNUPAC BURKINA : 
2023-09-21 16:47:30   ADDONS : A JOUR 
2023-09-21 17:00:01 - Le script s'est exécuté avec succès.
2023-09-21 17:00:34   BD : BACKUP RESTAURE
2023-09-21 17:00:34  SUNUPAC NIGER : 
2023-09-21 17:00:47   ADDONS : A JOUR 
2023-09-21 17:13:06   BD : BACKUP RESTAURE
2023-09-21 17:13:06  SUNUPAC SENEGAL : 
2023-09-21 17:13:14   ADDONS : ECHEC DECOMPRESSION
2023-09-21 17:42:43   BD : BACKUP RESTAURE
2023-09-21 17:42:43  SUNUPAC TOGO : 
2023-09-21 17:42:57   ADDONS : ECHEC DECOMPRESSION
2023-09-21 17:53:22   BD : BACKUP RESTAURE
2023-09-21 17:53:22 FIN DE MAJ .
2023-09-21 17:53:22 - Le script s'est exécuté avec succès.
2023-09-22 09:04:39   ADDONS : ECHEC DECOMPRESSION
2023-09-22 09:05:27   ADDONS : ECHEC DECOMPRESSION
2023-09-22 17:00:01 - Le script s'est exécuté avec succès.
2023-09-23 17:00:01 - Le script s'est exécuté avec succès.
2023-09-24 17:00:01 - Le script s'est exécuté avec succès.
2023-09-25 17:00:01 - Le script s'est exécuté avec succès.
2023-09-26 17:00:01 - Le script s'est exécuté avec succès.
2023-09-27 17:00:01 - Le script s'est exécuté avec succès.
2023-09-28 17:00:01 - Le script s'est exécuté avec succès.
2023-09-29 17:00:01 - Le script s'est exécuté avec succès.
2023-09-30 17:00:01 - Le script s'est exécuté avec succès.
2023-10-01 17:00:01 - Le script s'est exécuté avec succès.
2023-10-02 17:00:01 - Le script s'est exécuté avec succès.
2023-10-03 17:00:01 - Le script s'est exécuté avec succès.
2023-10-04 17:00:01 - Le script s'est exécuté avec succès.
2023-10-05 17:00:01 - Le script s'est exécuté avec succès.
2023-10-06 17:00:01 - Le script s'est exécuté avec succès.
2023-10-07 17:00:01 - Le script s'est exécuté avec succès.
2023-10-08 17:00:01 - Le script s'est exécuté avec succès.
2023-10-09 17:00:01 - Le script s'est exécuté avec succès.
2023-10-10 17:00:01 - Le script s'est exécuté avec succès.
2023-10-11 17:00:01 - Le script s'est exécuté avec succès.
2023-10-12 17:00:01 - Le script s'est exécuté avec succès.
2023-10-13 17:00:01 - Le script s'est exécuté avec succès.
2023-10-14 17:00:01 - Le script s'est exécuté avec succès.
2023-10-15 17:00:01 - Le script s'est exécuté avec succès.
2023-10-16 17:00:01 - Le script s'est exécuté avec succès.
2023-10-17 17:00:01 - Le script s'est exécuté avec succès.
2023-10-18 17:00:01 - Le script s'est exécuté avec succès.
2023-10-19 17:00:01 - Le script s'est exécuté avec succès.
2023-10-20 17:00:01 - Le script s'est exécuté avec succès.
2023-10-21 17:00:01 - Le script s'est exécuté avec succès.
2023-10-22 17:00:01 - Le script s'est exécuté avec succès.
2023-10-23 17:00:01 - Le script s'est exécuté avec succès.
2023-10-24 17:00:01 - Le script s'est exécuté avec succès.
2023-10-25 17:00:01 - Le script s'est exécuté avec succès.
2023-10-26 17:00:01 - Le script s'est exécuté avec succès.
2023-10-27 17:00:01 - Le script s'est exécuté avec succès.
2023-10-28 17:00:01 - Le script s'est exécuté avec succès.
2023-10-29 17:00:01 - Le script s'est exécuté avec succès.
2023-10-30 17:00:01 - Le script s'est exécuté avec succès.
2023-10-31 17:00:01 - Le script s'est exécuté avec succès.
2023-11-01 17:00:01 - Le script s'est exécuté avec succès.
2023-11-02 17:00:01 - Le script s'est exécuté avec succès.
2023-11-03 17:00:01 - Le script s'est exécuté avec succès.
2023-11-04 17:00:01 - Le script s'est exécuté avec succès.
2023-11-05 17:00:01 - Le script s'est exécuté avec succès.
2023-11-06 17:00:01 - Le script s'est exécuté avec succès.
2023-11-07 17:00:01 - Le script s'est exécuté avec succès.
2023-11-08 17:00:01 - Le script s'est exécuté avec succès.
2023-11-09 17:00:01 - Le script s'est exécuté avec succès.
2023-11-10 17:00:01 - Le script s'est exécuté avec succès.
2023-11-11 17:00:01 - Le script s'est exécuté avec succès.
2023-11-12 17:00:01 - Le script s'est exécuté avec succès.
2023-11-13 17:00:01 - Le script s'est exécuté avec succès.
2023-11-14 17:00:01 - Le script s'est exécuté avec succès.
2023-11-15 17:00:01 - Le script s'est exécuté avec succès.
2023-11-16 17:00:01 - Le script s'est exécuté avec succès.
2023-11-17 17:00:01 - Le script s'est exécuté avec succès.
2023-11-18 17:00:01 - Le script s'est exécuté avec succès.
2023-11-19 17:00:01 - Le script s'est exécuté avec succès.
2023-11-20 17:00:01 - Le script s'est exécuté avec succès.
2023-11-21 17:00:01 - Le script s'est exécuté avec succès.
2023-11-22 17:00:01 - Le script s'est exécuté avec succès.
2023-11-23 17:00:01 - Le script s'est exécuté avec succès.
2023-11-24 17:00:01 - Le script s'est exécuté avec succès.
2023-11-25 17:00:01 - Le script s'est exécuté avec succès.
2023-11-26 17:00:01 - Le script s'est exécuté avec succès.
2023-11-27 17:00:01 - Le script s'est exécuté avec succès.
2023-11-28 17:00:01 - Le script s'est exécuté avec succès.
2023-11-29 17:00:01 - Le script s'est exécuté avec succès.
2023-11-30 17:00:01 - Le script s'est exécuté avec succès.
2023-12-01 17:00:01 - Le script s'est exécuté avec succès.
2023-12-02 17:00:01 - Le script s'est exécuté avec succès.
2023-12-03 17:00:01 - Le script s'est exécuté avec succès.
2023-12-04 17:00:01 - Le script s'est exécuté avec succès.
2023-12-05 17:00:01 - Le script s'est exécuté avec succès.
2023-12-06 17:00:01 - Le script s'est exécuté avec succès.
2023-12-07 17:00:01 - Le script s'est exécuté avec succès.
2023-12-08 17:00:01 - Le script s'est exécuté avec succès.
2023-12-09 17:00:01 - Le script s'est exécuté avec succès.
2023-12-10 17:00:01 - Le script s'est exécuté avec succès.
2023-12-11 17:00:01 - Le script s'est exécuté avec succès.
2023-12-12 17:00:01 - Le script s'est exécuté avec succès.
2023-12-13 17:00:01 - Le script s'est exécuté avec succès.
2023-12-14 17:00:01 - Le script s'est exécuté avec succès.
2023-12-15 17:00:01 - Le script s'est exécuté avec succès.
2023-12-16 17:00:01 - Le script s'est exécuté avec succès.
2023-12-17 17:00:01 - Le script s'est exécuté avec succès.
2023-12-18 17:00:01 - Le script s'est exécuté avec succès.
2023-12-19 17:00:01 - Le script s'est exécuté avec succès.
2023-12-20 17:00:01 - Le script s'est exécuté avec succès.
2023-12-21 17:00:01 - Le script s'est exécuté avec succès.
2023-12-22 17:00:01 - Le script s'est exécuté avec succès.
2023-12-23 17:00:01 - Le script s'est exécuté avec succès.
2023-12-24 17:00:01 - Le script s'est exécuté avec succès.
2023-12-25 17:00:01 - Le script s'est exécuté avec succès.
2023-12-26 17:00:01 - Le script s'est exécuté avec succès.
2023-12-27 17:00:01 - Le script s'est exécuté avec succès.
2023-12-28 17:00:01 - Le script s'est exécuté avec succès.
2023-12-29 17:00:01 - Le script s'est exécuté avec succès.
2023-12-30 17:00:01 - Le script s'est exécuté avec succès.
2023-12-31 17:00:01 - Le script s'est exécuté avec succès.
2024-01-01 17:00:02 - Le script s'est exécuté avec succès.
2024-01-02 17:00:01 - Le script s'est exécuté avec succès.
2024-01-03 17:00:01 - Le script s'est exécuté avec succès.
2024-01-04 17:00:01 - Le script s'est exécuté avec succès.
2024-01-05 17:00:01 - Le script s'est exécuté avec succès.
2024-01-06 17:00:01 - Le script s'est exécuté avec succès.
2024-01-07 17:00:01 - Le script s'est exécuté avec succès.
2024-01-08 17:00:01 - Le script s'est exécuté avec succès.
2024-01-09 17:00:01 - Le script s'est exécuté avec succès.
2024-01-10 17:00:01 - Le script s'est exécuté avec succès.
2024-01-11 17:00:01 - Le script s'est exécuté avec succès.
2024-01-12 17:00:01 - Le script s'est exécuté avec succès.
2024-01-13 17:00:01 - Le script s'est exécuté avec succès.
2024-01-14 17:00:01 - Le script s'est exécuté avec succès.
2024-01-15 17:00:01 - Le script s'est exécuté avec succès.
2024-01-16 17:00:01 - Le script s'est exécuté avec succès.
2024-01-17 17:00:01 - Le script s'est exécuté avec succès.
2024-01-18 17:00:01 - Le script s'est exécuté avec succès.
2024-01-19 17:00:01 - Le script s'est exécuté avec succès.
2024-01-20 17:00:01 - Le script s'est exécuté avec succès.
2024-01-21 17:00:01 - Le script s'est exécuté avec succès.
2024-01-22 17:00:01 - Le script s'est exécuté avec succès.
2024-01-23 17:00:01 - Le script s'est exécuté avec succès.
2024-01-24 17:00:01 - Le script s'est exécuté avec succès.
2024-01-25 17:00:01 - Le script s'est exécuté avec succès.
2024-01-26 17:00:01 - Le script s'est exécuté avec succès.
2024-01-27 17:00:01 - Le script s'est exécuté avec succès.
2024-01-28 17:00:01 - Le script s'est exécuté avec succès.
2024-01-29 17:00:01 - Le script s'est exécuté avec succès.
2024-01-30 17:00:01 - Le script s'est exécuté avec succès.
2024-01-31 17:00:01 - Le script s'est exécuté avec succès.
2024-02-01 17:00:01 - Le script s'est exécuté avec succès.
2024-02-02 17:00:01 - Le script s'est exécuté avec succès.
2024-02-03 17:00:01 - Le script s'est exécuté avec succès.
2024-02-04 17:00:01 - Le script s'est exécuté avec succès.
2024-02-05 17:00:01 - Le script s'est exécuté avec succès.
2024-02-06 17:00:01 - Le script s'est exécuté avec succès.
2024-02-07 17:00:01 - Le script s'est exécuté avec succès.
2024-02-08 17:00:01 - Le script s'est exécuté avec succès.
2024-02-09 17:00:01 - Le script s'est exécuté avec succès.
2024-02-10 17:00:01 - Le script s'est exécuté avec succès.
2024-02-11 17:00:01 - Le script s'est exécuté avec succès.
2024-02-12 17:00:01 - Le script s'est exécuté avec succès.
2024-02-13 17:00:01 - Le script s'est exécuté avec succès.
2024-02-14 17:00:01 - Le script s'est exécuté avec succès.
2024-02-15 17:00:01 - Le script s'est exécuté avec succès.
2024-02-16 17:00:01 - Le script s'est exécuté avec succès.
2024-02-17 17:00:01 - Le script s'est exécuté avec succès.
2024-02-18 17:00:01 - Le script s'est exécuté avec succès.
2024-02-19 17:00:01 - Le script s'est exécuté avec succès.
2024-02-20 17:00:02 - Le script s'est exécuté avec succès.
2024-02-21 17:00:01 - Le script s'est exécuté avec succès.
2024-02-22 17:00:01 - Le script s'est exécuté avec succès.
2024-02-23 17:00:01 - Le script s'est exécuté avec succès.
2024-02-24 17:00:01 - Le script s'est exécuté avec succès.
2024-02-25 17:00:01 - Le script s'est exécuté avec succès.
2024-02-26 17:00:01 - Le script s'est exécuté avec succès.
2024-02-27 17:00:01 - Le script s'est exécuté avec succès.
2024-02-28 17:00:01 - Le script s'est exécuté avec succès.
2024-02-29 17:00:01 - Le script s'est exécuté avec succès.
2024-03-01 17:00:01 - Le script s'est exécuté avec succès.
2024-03-02 17:00:01 - Le script s'est exécuté avec succès.
2024-03-03 17:00:01 - Le script s'est exécuté avec succès.
2024-03-04 17:00:01 - Le script s'est exécuté avec succès.
2024-03-05 17:00:01 - Le script s'est exécuté avec succès.
2024-03-06 17:00:01 - Le script s'est exécuté avec succès.
2024-03-07 17:00:01 - Le script s'est exécuté avec succès.
2024-03-08 17:00:01 - Le script s'est exécuté avec succès.
2024-03-11 17:00:01 - Le script s'est exécuté avec succès.
2024-03-12 17:00:01 - Le script s'est exécuté avec succès.
2024-03-13 17:00:01 - Le script s'est exécuté avec succès.
2024-03-14 17:00:01 - Le script s'est exécuté avec succès.
2024-03-15 17:00:01 - Le script s'est exécuté avec succès.
2024-03-16 17:00:01 - Le script s'est exécuté avec succès.
2024-03-17 17:00:01 - Le script s'est exécuté avec succès.
